0 P59336
12 P09038
22 D4Z2G1
23 Q93D82
178 Q6Q271
188 A0A2D8IND4
399 Q8RJN5
411 P06654
1328 P22505
1456 P28335
1485 P19515
1521 O69054
1524 P27302
1528 P62554
1606 P62593
1612 P0ABQ4
1628 Q12809
1638 P0AEX9
1647 C7C422
1650 Q53008
1653 P23360
1658 P04637
1711 B3VI55
1730 P37957
1746 P21549
1753 P11436
1816 Q9UV68
1900 P13006
1916 P0A7Y4
1926 P01584
1933 P69543
1945 P00648
2004 P69441
2007 P00929
2009 P61626
2010 P00644
2022 P00698
2087 P00720
2097 P03034
2103 P03051
2131 P02185
2153 P00974
2157 P00025
2182 P0AE67
2192 P00889
2208 P00094
2341 P00593
2404 P03050
2564 P06876
2590 P03040
2617 P0A877
3259 P01053
3500 P61823
3536 P00651
3586 P01006
3610 P0AA04
3613 P0CH28
3663 P00712
3667 P02633
3673 P00782
3792 P00560
3793 P9WGE7
3881 P00044
3884 P07751
3885 P12528
3954 P0CG48
3958 P0AA25
3960 P04179
3966 P00171
4025 P62942
4067 P11540
4154 P06241
4228 P05798
4238 P0A3H0
4249 Q56304
4251 P0ACJ8
4266 P32081
4314 P0A9X9
4320 P01857
4453 P05121
4456 P01308
4467 P00749
4469 P0AEG4
4494 P00918
4580 P60174
4585 P00004
4631 P01009
4678 P04925
4688 P00592
4700 P07107
4727 P08921
4785 P00952
4794 P0A3E0
4816 Q23551
4818 P24821
4820 P00943
4822 P00099
4856 Q56319
4864 P00711
4924 P00811
4975 P07170
4985 P02754
4986 P05413
5032 P00257
5056 P41016
5074 P05230
5110 P02751
5183 P03023
5187 P22069
5207 P08877
5236 P09012
5243 P25984
5251 P05825
5379 P08463
5416 P19873
5451 Q08012
5471 P00883
5525 P46937
5578 P30289
5731 P02753
5799 P07445
5802 P62964
5868 P29768
5879 P81708
5896 P26514
5908 P00282
5912 P04271
6917 P03706
6937 P04789
6938 P33665
6978 Q10466
