/nas/longleaf/home/mixarcid/miniconda3/envs/chem-py3.9/lib/python3.9/site-packages/Bio/pairwise2.py:278: BiopythonDeprecationWarning: Bio.pairwise2 has been deprecated, and we intend to remove it in a future release of Biopython. As an alternative, please consider using Bio.Align.PairwiseAligner as a replacement, and contact the Biopython developers if you still need the Bio.pairwise2 module.
  warnings.warn(
wandb: Currently logged in as: mixarcid. Use `wandb login --relogin` to force relogin
wandb: Tracking run with wandb version 0.13.7
wandb: Run data is saved locally in /nas/longleaf/home/mixarcid/enzyme-stability/wandb/run-20230102_121934-2ry4yyu8
wandb: Run `wandb offline` to turn off syncing.
wandb: Syncing run combo_dataset
wandb: ⭐️ View project at https://wandb.ai/mixarcid/enzyme-stability
wandb: 🚀 View run at https://wandb.ai/mixarcid/enzyme-stability/runs/2ry4yyu8
/nas/longleaf/home/mixarcid/enzyme-stability/mega_scale_dataset.py:14: DtypeWarning: Columns (30,36) have mixed types. Specify dtype option on import or set low_memory=False.
  df = pd.read_csv(fname)
/nas/longleaf/home/mixarcid/enzyme-stability/mega_scale_dataset.py:14: DtypeWarning: Columns (30,36) have mixed types. Specify dtype option on import or set low_memory=False.
  df = pd.read_csv(fname)
/nas/longleaf/home/mixarcid/miniconda3/envs/chem-py3.9/lib/python3.9/site-packages/torchmetrics/utilities/prints.py:36: UserWarning: Metric `SpearmanCorrcoef` will save all targets and predictions in the buffer. For large datasets, this may lead to large memory footprint.
  warnings.warn(*args, **kwargs)
Traceback (most recent call last):
  File "/nas/longleaf/home/mixarcid/enzyme-stability/train.py", line 152, in <module>
    train(cfg)
  File "/nas/longleaf/home/mixarcid/enzyme-stability/train.py", line 140, in train
    print(len(train_loader), len(val_loader))
  File "/nas/longleaf/home/mixarcid/miniconda3/envs/chem-py3.9/lib/python3.9/site-packages/torch/utils/data/dataloader.py", line 483, in __len__
    return len(self._index_sampler)
  File "/nas/longleaf/home/mixarcid/miniconda3/envs/chem-py3.9/lib/python3.9/site-packages/torch/utils/data/sampler.py", line 265, in __len__
    return (len(self.sampler) + self.batch_size - 1) // self.batch_size  # type: ignore[arg-type]
  File "/nas/longleaf/home/mixarcid/miniconda3/envs/chem-py3.9/lib/python3.9/site-packages/torch/utils/data/sampler.py", line 79, in __len__
    return len(self.data_source)
  File "/nas/longleaf/home/mixarcid/enzyme-stability/combo_dataset.py", line 63, in __len__
    return len(self.mega_scale)
AttributeError: 'ComboDataset' object has no attribute 'mega_scale'
wandb: Waiting for W&B process to finish... (failed 1). Press Control-C to abort syncing.
wandb: - 0.003 MB of 0.003 MB uploaded (0.000 MB deduped)wandb: \ 0.014 MB of 0.014 MB uploaded (0.000 MB deduped)wandb: Synced combo_dataset: https://wandb.ai/mixarcid/enzyme-stability/runs/2ry4yyu8
wandb: Synced 6 W&B file(s), 0 media file(s), 0 artifact file(s) and 0 other file(s)
wandb: Find logs at: ./wandb/run-20230102_121934-2ry4yyu8/logs
