/nas/longleaf/home/mixarcid/miniconda3/envs/chem-py3.9/lib/python3.9/site-packages/Bio/pairwise2.py:278: BiopythonDeprecationWarning: Bio.pairwise2 has been deprecated, and we intend to remove it in a future release of Biopython. As an alternative, please consider using Bio.Align.PairwiseAligner as a replacement, and contact the Biopython developers if you still need the Bio.pairwise2 module.
  warnings.warn(
wandb: Currently logged in as: mixarcid. Use `wandb login --relogin` to force relogin
wandb: Tracking run with wandb version 0.13.7
wandb: Run data is saved locally in /nas/longleaf/home/mixarcid/enzyme-stability/wandb/run-20230102_122340-i031gckq
wandb: Run `wandb offline` to turn off syncing.
wandb: Syncing run combo_dataset
wandb: ⭐️ View project at https://wandb.ai/mixarcid/enzyme-stability
wandb: 🚀 View run at https://wandb.ai/mixarcid/enzyme-stability/runs/i031gckq
/nas/longleaf/home/mixarcid/enzyme-stability/mega_scale_dataset.py:14: DtypeWarning: Columns (30,36) have mixed types. Specify dtype option on import or set low_memory=False.
  df = pd.read_csv(fname)
/nas/longleaf/home/mixarcid/enzyme-stability/mega_scale_dataset.py:14: DtypeWarning: Columns (30,36) have mixed types. Specify dtype option on import or set low_memory=False.
  df = pd.read_csv(fname)
/nas/longleaf/home/mixarcid/miniconda3/envs/chem-py3.9/lib/python3.9/site-packages/torchmetrics/utilities/prints.py:36: UserWarning: Metric `SpearmanCorrcoef` will save all targets and predictions in the buffer. For large datasets, this may lead to large memory footprint.
  warnings.warn(*args, **kwargs)
GPU available: True, used: False
TPU available: False, using: 0 TPU cores
IPU available: False, using: 0 IPUs
/nas/longleaf/home/mixarcid/miniconda3/envs/chem-py3.9/lib/python3.9/site-packages/pytorch_lightning/trainer/trainer.py:1584: UserWarning: GPU available but not used. Set the gpus flag in your trainer `Trainer(gpus=1)` or script `--gpus=1`.
  rank_zero_warn(
Set SLURM handle signals.

  | Name    | Type          | Params
------------------------------------------
0 | model   | TransferModel | 1.7 M 
1 | metrics | ModuleDict    | 0     
------------------------------------------
34.2 K    Trainable params
1.7 M     Non-trainable params
1.7 M     Total params
6.779     Total estimated model params size (MB)
/nas/longleaf/home/mixarcid/miniconda3/envs/chem-py3.9/lib/python3.9/site-packages/pytorch_lightning/trainer/data_loading.py:132: UserWarning: The dataloader, val_dataloader 0, does not have many workers which may be a bottleneck. Consider increasing the value of the `num_workers` argument` (try 16 which is the number of cpus on this machine) in the `DataLoader` init to improve performance.
  rank_zero_warn(
/nas/longleaf/home/mixarcid/miniconda3/envs/chem-py3.9/lib/python3.9/site-packages/pytorch_lightning/trainer/data_loading.py:132: UserWarning: The dataloader, train_dataloader, does not have many workers which may be a bottleneck. Consider increasing the value of the `num_workers` argument` (try 16 which is the number of cpus on this machine) in the `DataLoader` init to improve performance.
  rank_zero_warn(
Traceback (most recent call last):
  File "/nas/longleaf/home/mixarcid/enzyme-stability/train.py", line 152, in <module>
    train(cfg)
  File "/nas/longleaf/home/mixarcid/enzyme-stability/train.py", line 146, in train
    trainer.fit(model_pl, train_loader, val_loader)
  File "/nas/longleaf/home/mixarcid/miniconda3/envs/chem-py3.9/lib/python3.9/site-packages/pytorch_lightning/trainer/trainer.py", line 740, in fit
    self._call_and_handle_interrupt(
  File "/nas/longleaf/home/mixarcid/miniconda3/envs/chem-py3.9/lib/python3.9/site-packages/pytorch_lightning/trainer/trainer.py", line 685, in _call_and_handle_interrupt
    return trainer_fn(*args, **kwargs)
  File "/nas/longleaf/home/mixarcid/miniconda3/envs/chem-py3.9/lib/python3.9/site-packages/pytorch_lightning/trainer/trainer.py", line 777, in _fit_impl
    self._run(model, ckpt_path=ckpt_path)
  File "/nas/longleaf/home/mixarcid/miniconda3/envs/chem-py3.9/lib/python3.9/site-packages/pytorch_lightning/trainer/trainer.py", line 1199, in _run
    self._dispatch()
  File "/nas/longleaf/home/mixarcid/miniconda3/envs/chem-py3.9/lib/python3.9/site-packages/pytorch_lightning/trainer/trainer.py", line 1279, in _dispatch
    self.training_type_plugin.start_training(self)
  File "/nas/longleaf/home/mixarcid/miniconda3/envs/chem-py3.9/lib/python3.9/site-packages/pytorch_lightning/plugins/training_type/training_type_plugin.py", line 202, in start_training
    self._results = trainer.run_stage()
  File "/nas/longleaf/home/mixarcid/miniconda3/envs/chem-py3.9/lib/python3.9/site-packages/pytorch_lightning/trainer/trainer.py", line 1289, in run_stage
    return self._run_train()
  File "/nas/longleaf/home/mixarcid/miniconda3/envs/chem-py3.9/lib/python3.9/site-packages/pytorch_lightning/trainer/trainer.py", line 1319, in _run_train
    self.fit_loop.run()
  File "/nas/longleaf/home/mixarcid/miniconda3/envs/chem-py3.9/lib/python3.9/site-packages/pytorch_lightning/loops/base.py", line 145, in run
    self.advance(*args, **kwargs)
  File "/nas/longleaf/home/mixarcid/miniconda3/envs/chem-py3.9/lib/python3.9/site-packages/pytorch_lightning/loops/fit_loop.py", line 234, in advance
    self.epoch_loop.run(data_fetcher)
  File "/nas/longleaf/home/mixarcid/miniconda3/envs/chem-py3.9/lib/python3.9/site-packages/pytorch_lightning/loops/base.py", line 145, in run
    self.advance(*args, **kwargs)
  File "/nas/longleaf/home/mixarcid/miniconda3/envs/chem-py3.9/lib/python3.9/site-packages/pytorch_lightning/loops/epoch/training_epoch_loop.py", line 193, in advance
    batch_output = self.batch_loop.run(batch, batch_idx)
  File "/nas/longleaf/home/mixarcid/miniconda3/envs/chem-py3.9/lib/python3.9/site-packages/pytorch_lightning/loops/base.py", line 145, in run
    self.advance(*args, **kwargs)
  File "/nas/longleaf/home/mixarcid/miniconda3/envs/chem-py3.9/lib/python3.9/site-packages/pytorch_lightning/loops/batch/training_batch_loop.py", line 88, in advance
    outputs = self.optimizer_loop.run(split_batch, optimizers, batch_idx)
  File "/nas/longleaf/home/mixarcid/miniconda3/envs/chem-py3.9/lib/python3.9/site-packages/pytorch_lightning/loops/base.py", line 145, in run
    self.advance(*args, **kwargs)
  File "/nas/longleaf/home/mixarcid/miniconda3/envs/chem-py3.9/lib/python3.9/site-packages/pytorch_lightning/loops/optimization/optimizer_loop.py", line 215, in advance
    result = self._run_optimization(
  File "/nas/longleaf/home/mixarcid/miniconda3/envs/chem-py3.9/lib/python3.9/site-packages/pytorch_lightning/loops/optimization/optimizer_loop.py", line 266, in _run_optimization
    self._optimizer_step(optimizer, opt_idx, batch_idx, closure)
  File "/nas/longleaf/home/mixarcid/miniconda3/envs/chem-py3.9/lib/python3.9/site-packages/pytorch_lightning/loops/optimization/optimizer_loop.py", line 378, in _optimizer_step
    lightning_module.optimizer_step(
  File "/nas/longleaf/home/mixarcid/miniconda3/envs/chem-py3.9/lib/python3.9/site-packages/pytorch_lightning/core/lightning.py", line 1652, in optimizer_step
    optimizer.step(closure=optimizer_closure)
  File "/nas/longleaf/home/mixarcid/miniconda3/envs/chem-py3.9/lib/python3.9/site-packages/pytorch_lightning/core/optimizer.py", line 164, in step
    trainer.accelerator.optimizer_step(self._optimizer, self._optimizer_idx, closure, **kwargs)
  File "/nas/longleaf/home/mixarcid/miniconda3/envs/chem-py3.9/lib/python3.9/site-packages/pytorch_lightning/accelerators/accelerator.py", line 336, in optimizer_step
    self.precision_plugin.optimizer_step(model, optimizer, opt_idx, closure, **kwargs)
  File "/nas/longleaf/home/mixarcid/miniconda3/envs/chem-py3.9/lib/python3.9/site-packages/pytorch_lightning/plugins/precision/precision_plugin.py", line 163, in optimizer_step
    optimizer.step(closure=closure, **kwargs)
  File "/nas/longleaf/home/mixarcid/miniconda3/envs/chem-py3.9/lib/python3.9/site-packages/torch/optim/optimizer.py", line 109, in wrapper
    return func(*args, **kwargs)
  File "/nas/longleaf/home/mixarcid/miniconda3/envs/chem-py3.9/lib/python3.9/site-packages/torch/autograd/grad_mode.py", line 27, in decorate_context
    return func(*args, **kwargs)
  File "/nas/longleaf/home/mixarcid/miniconda3/envs/chem-py3.9/lib/python3.9/site-packages/torch/optim/adamw.py", line 119, in step
    loss = closure()
  File "/nas/longleaf/home/mixarcid/miniconda3/envs/chem-py3.9/lib/python3.9/site-packages/pytorch_lightning/plugins/precision/precision_plugin.py", line 148, in _wrap_closure
    closure_result = closure()
  File "/nas/longleaf/home/mixarcid/miniconda3/envs/chem-py3.9/lib/python3.9/site-packages/pytorch_lightning/loops/optimization/optimizer_loop.py", line 160, in __call__
    self._result = self.closure(*args, **kwargs)
  File "/nas/longleaf/home/mixarcid/miniconda3/envs/chem-py3.9/lib/python3.9/site-packages/pytorch_lightning/loops/optimization/optimizer_loop.py", line 142, in closure
    step_output = self._step_fn()
  File "/nas/longleaf/home/mixarcid/miniconda3/envs/chem-py3.9/lib/python3.9/site-packages/pytorch_lightning/loops/optimization/optimizer_loop.py", line 435, in _training_step
    training_step_output = self.trainer.accelerator.training_step(step_kwargs)
  File "/nas/longleaf/home/mixarcid/miniconda3/envs/chem-py3.9/lib/python3.9/site-packages/pytorch_lightning/accelerators/accelerator.py", line 216, in training_step
    return self.training_type_plugin.training_step(*step_kwargs.values())
  File "/nas/longleaf/home/mixarcid/miniconda3/envs/chem-py3.9/lib/python3.9/site-packages/pytorch_lightning/plugins/training_type/training_type_plugin.py", line 213, in training_step
    return self.model.training_step(*args, **kwargs)
  File "/nas/longleaf/home/mixarcid/enzyme-stability/train.py", line 103, in training_step
    return self.shared_eval(batch, batch_idx, 'train')
  File "/nas/longleaf/home/mixarcid/enzyme-stability/train.py", line 66, in shared_eval
    for metric in self.metrics[f"{prefix}_metrics"]["dTm"].values():
  File "/nas/longleaf/home/mixarcid/miniconda3/envs/chem-py3.9/lib/python3.9/site-packages/torch/nn/modules/container.py", line 326, in __getitem__
    return self._modules[key]
KeyError: 'dTm'
wandb: Waiting for W&B process to finish... (failed 1). Press Control-C to abort syncing.
wandb: - 0.003 MB of 0.003 MB uploaded (0.000 MB deduped)wandb: \ 0.003 MB of 0.021 MB uploaded (0.000 MB deduped)wandb: | 0.021 MB of 0.021 MB uploaded (0.000 MB deduped)wandb: Synced combo_dataset: https://wandb.ai/mixarcid/enzyme-stability/runs/i031gckq
wandb: Synced 6 W&B file(s), 0 media file(s), 0 artifact file(s) and 0 other file(s)
wandb: Find logs at: ./wandb/run-20230102_122340-i031gckq/logs
